<?xml version="1.0" encoding="UTF-8"?>
<testsuite name="rspec" tests="40" skipped="0" failures="0" errors="0" time="1.704686" timestamp="2021-01-20T20:57:54-03:00" hostname="DESKTOP-83F64OR">
<properties>
<property name="seed" value="56808"/>
</properties>
<testcase classname="spec.scenarios.booking_post_spec" name="POST /equipos/{equipo_id}/bookings solicitar solicação deve retornar 200" file="./spec/scenarios/booking_post_spec.rb" time="0.002662"></testcase>
<testcase classname="spec.scenarios.equipo_delete_spec" name="DELETE /equipos/{equipo_id} obter unico equipo deve retornar 204" file="./spec/scenarios/equipo_delete_spec.rb" time="0.000177"></testcase>
<testcase classname="spec.scenarios.equipo_delete_spec" name="DELETE /equipos/{equipo_id} equipo nao existe deve retornar 204" file="./spec/scenarios/equipo_delete_spec.rb" time="0.000232"></testcase>
<testcase classname="spec.scenarios.equipo_get_spec" name="GET /equipos/{equipo_id} obter unico equipo deve retornar 200" file="./spec/scenarios/equipo_get_spec.rb" time="0.000173"></testcase>
<testcase classname="spec.scenarios.equipo_get_spec" name="GET /equipos/{equipo_id} obter unico equipo deve retornar o nome" file="./spec/scenarios/equipo_get_spec.rb" time="0.006619"></testcase>
<testcase classname="spec.scenarios.equipo_get_spec" name="GET /equipos/{equipo_id} equipo nao existe deve retornar 404" file="./spec/scenarios/equipo_get_spec.rb" time="0.000163"></testcase>
<testcase classname="spec.scenarios.equipo_get_spec" name="GET /equipos obter uma lista deve retornar 200" file="./spec/scenarios/equipo_get_spec.rb" time="0.000266"></testcase>
<testcase classname="spec.scenarios.equipo_get_spec" name="GET /equipos obter uma lista deve retornar uma lista de equipos" file="./spec/scenarios/equipo_get_spec.rb" time="0.011020"></testcase>
<testcase classname="spec.scenarios.equipo_post_spec" name="POST/ equipos novo equipo deve retornar 200" file="./spec/scenarios/equipo_post_spec.rb" time="0.000186"></testcase>
<testcase classname="spec.scenarios.equipo_post_spec" name="POST/ equipos não autorizado deve retornar 401" file="./spec/scenarios/equipo_post_spec.rb" time="0.000335"></testcase>
<testcase classname="spec.scenarios.session_post_spec" name="POST /sessions login com sucesso valida status code" file="./spec/scenarios/session_post_spec.rb" time="0.000180"></testcase>
<testcase classname="spec.scenarios.session_post_spec" name="POST /sessions login com sucesso valida id do usuario" file="./spec/scenarios/session_post_spec.rb" time="0.000284"></testcase>
<testcase classname="spec.scenarios.session_post_spec" name="POST /sessions senha incorreta valida status code 401" file="./spec/scenarios/session_post_spec.rb" time="0.000617"></testcase>
<testcase classname="spec.scenarios.session_post_spec" name="POST /sessions senha incorreta valida id do usuario" file="./spec/scenarios/session_post_spec.rb" time="0.000254"></testcase>
<testcase classname="spec.scenarios.session_post_spec" name="POST /sessions usuario nao existe valida status code 401" file="./spec/scenarios/session_post_spec.rb" time="0.000256"></testcase>
<testcase classname="spec.scenarios.session_post_spec" name="POST /sessions usuario nao existe valida id do usuario" file="./spec/scenarios/session_post_spec.rb" time="0.000522"></testcase>
<testcase classname="spec.scenarios.session_post_spec" name="POST /sessions email em branco valida status code 412" file="./spec/scenarios/session_post_spec.rb" time="0.000302"></testcase>
<testcase classname="spec.scenarios.session_post_spec" name="POST /sessions email em branco valida id do usuario" file="./spec/scenarios/session_post_spec.rb" time="0.000331"></testcase>
<testcase classname="spec.scenarios.session_post_spec" name="POST /sessions sem o campo email valida status code 412" file="./spec/scenarios/session_post_spec.rb" time="0.000288"></testcase>
<testcase classname="spec.scenarios.session_post_spec" name="POST /sessions sem o campo email valida id do usuario" file="./spec/scenarios/session_post_spec.rb" time="0.000206"></testcase>
<testcase classname="spec.scenarios.session_post_spec" name="POST /sessions senha em branco valida status code 412" file="./spec/scenarios/session_post_spec.rb" time="0.000287"></testcase>
<testcase classname="spec.scenarios.session_post_spec" name="POST /sessions senha em branco valida id do usuario" file="./spec/scenarios/session_post_spec.rb" time="0.000287"></testcase>
<testcase classname="spec.scenarios.session_post_spec" name="POST /sessions sem o campo senha valida status code 412" file="./spec/scenarios/session_post_spec.rb" time="0.000136"></testcase>
<testcase classname="spec.scenarios.session_post_spec" name="POST /sessions sem o campo senha valida id do usuario" file="./spec/scenarios/session_post_spec.rb" time="0.000455"></testcase>
<testcase classname="spec.scenarios.signup_post_spec" name="POST/ signup novo usuario valida status code" file="./spec/scenarios/signup_post_spec.rb" time="0.000223"></testcase>
<testcase classname="spec.scenarios.signup_post_spec" name="POST/ signup novo usuario valida id do usuario" file="./spec/scenarios/signup_post_spec.rb" time="0.000373"></testcase>
<testcase classname="spec.scenarios.signup_post_spec" name="POST/ signup usuario ja existe deve retornar 409" file="./spec/scenarios/signup_post_spec.rb" time="0.000221"></testcase>
<testcase classname="spec.scenarios.signup_post_spec" name="POST/ signup usuario ja existe deve retornar mensagem" file="./spec/scenarios/signup_post_spec.rb" time="0.000289"></testcase>
<testcase classname="spec.scenarios.signup_post_spec" name="POST/ signup nome em branco valida status code 401" file="./spec/scenarios/signup_post_spec.rb" time="0.000294"></testcase>
<testcase classname="spec.scenarios.signup_post_spec" name="POST/ signup nome em branco valida id do usuario" file="./spec/scenarios/signup_post_spec.rb" time="0.000240"></testcase>
<testcase classname="spec.scenarios.signup_post_spec" name="POST/ signup sem o campo nome valida status code 401" file="./spec/scenarios/signup_post_spec.rb" time="0.000161"></testcase>
<testcase classname="spec.scenarios.signup_post_spec" name="POST/ signup sem o campo nome valida id do usuario" file="./spec/scenarios/signup_post_spec.rb" time="0.000311"></testcase>
<testcase classname="spec.scenarios.signup_post_spec" name="POST/ signup email em branco valida status code 412" file="./spec/scenarios/signup_post_spec.rb" time="0.000186"></testcase>
<testcase classname="spec.scenarios.signup_post_spec" name="POST/ signup email em branco valida id do usuario" file="./spec/scenarios/signup_post_spec.rb" time="0.000629"></testcase>
<testcase classname="spec.scenarios.signup_post_spec" name="POST/ signup sem o campo email valida status code 412" file="./spec/scenarios/signup_post_spec.rb" time="0.000240"></testcase>
<testcase classname="spec.scenarios.signup_post_spec" name="POST/ signup sem o campo email valida id do usuario" file="./spec/scenarios/signup_post_spec.rb" time="0.000299"></testcase>
<testcase classname="spec.scenarios.signup_post_spec" name="POST/ signup senha em branco valida status code 412" file="./spec/scenarios/signup_post_spec.rb" time="0.000202"></testcase>
<testcase classname="spec.scenarios.signup_post_spec" name="POST/ signup senha em branco valida id do usuario" file="./spec/scenarios/signup_post_spec.rb" time="0.000238"></testcase>
<testcase classname="spec.scenarios.signup_post_spec" name="POST/ signup senha em branco valida status code 412" file="./spec/scenarios/signup_post_spec.rb" time="0.000252"></testcase>
<testcase classname="spec.scenarios.signup_post_spec" name="POST/ signup senha em branco valida id do usuario" file="./spec/scenarios/signup_post_spec.rb" time="0.000187"></testcase>
</testsuite>
